TN:
SF:src/modules/appointments/services/CreateAppointmentService.ts
FN:89,__decorate
FN:89,__metadata
FN:89,__param
FN:89,__awaiter
FN:89,adopt
FN:89,fulfilled
FN:89,rejected
FN:89,step
FN:89,__generator
FN:89,sent
FN:89,g.<computed>
FN:89,verb
FN:89,step
FN:89,__importDefault
FN:23,CreateAppointmentService
FN:35,CreateAppointmentService.execute
FNF:16
FNH:14
FNDA:1,__decorate
FNDA:1,__metadata
FNDA:3,__param
FNDA:7,__awaiter
FNDA:10,adopt
FNDA:10,fulfilled
FNDA:0,rejected
FNDA:12,step
FNDA:7,__generator
FNDA:10,sent
FNDA:0,g.<computed>
FNDA:21,verb
FNDA:17,step
FNDA:1,__importDefault
FNDA:5,CreateAppointmentService
FNDA:7,CreateAppointmentService.execute
DA:1,1
DA:2,1
DA:3,1
DA:4,1
DA:5,1
DA:6,1
DA:7,1
DA:8,1
DA:9,1
DA:10,1
DA:11,1
DA:12,1
DA:13,1
DA:14,1
DA:15,1
DA:16,1
DA:17,1
DA:18,1
DA:19,1
DA:20,1
DA:21,1
DA:22,1
DA:23,1
DA:24,5
DA:25,5
DA:26,5
DA:27,5
DA:28,5
DA:29,5
DA:30,5
DA:31,5
DA:32,5
DA:33,1
DA:34,1
DA:35,1
DA:36,7
DA:37,7
DA:38,7
DA:39,2
DA:40,2
DA:41,2
DA:42,5
DA:43,7
DA:44,1
DA:45,1
DA:46,1
DA:47,4
DA:48,4
DA:49,4
DA:50,4
DA:51,4
DA:52,4
DA:53,7
DA:54,7
DA:55,1
DA:56,1
DA:57,1
DA:58,3
DA:59,7
DA:60,1
DA:61,1
DA:62,1
DA:63,1
DA:64,1
DA:65,2
DA:66,2
DA:67,2
DA:68,2
DA:69,2
DA:70,2
DA:71,7
DA:72,7
DA:73,7
DA:74,7
DA:75,7
DA:76,7
DA:77,7
DA:78,7
DA:79,7
DA:80,7
DA:81,7
DA:82,7
DA:83,7
DA:84,7
DA:85,7
DA:86,7
DA:87,1
DA:88,1
DA:89,1
LF:89
LH:89
BRDA:89,0,0,1
BRDA:89,1,0,1
BRDA:89,2,0,0
BRDA:89,3,0,0
BRDA:89,4,0,0
BRDA:89,5,0,0
BRDA:89,6,0,1
BRDA:89,7,0,3
BRDA:89,8,0,3
BRDA:89,9,0,7
BRDA:89,10,0,10
BRDA:89,11,0,0
BRDA:89,12,0,7
BRDA:89,13,0,10
BRDA:89,14,0,8
BRDA:89,15,0,2
BRDA:89,16,0,12
BRDA:89,17,0,2
BRDA:89,18,0,10
BRDA:89,19,0,7
BRDA:89,20,0,10
BRDA:89,21,0,0
BRDA:89,22,0,21
BRDA:89,23,0,17
BRDA:89,24,0,17
BRDA:89,25,0,0
BRDA:89,26,0,34
BRDA:89,27,0,0
BRDA:89,28,0,0
BRDA:89,29,0,0
BRDA:89,30,0,0
BRDA:89,31,0,17
BRDA:89,32,0,17
BRDA:89,33,0,10
BRDA:89,34,0,0
BRDA:89,35,0,0
BRDA:89,36,0,7
BRDA:89,37,0,0
BRDA:89,38,0,2
BRDA:89,39,0,0
BRDA:89,40,0,0
BRDA:89,41,0,0
BRDA:89,42,0,0
BRDA:89,43,0,17
BRDA:89,44,0,12
BRDA:89,45,0,5
BRDA:89,46,0,17
BRDA:89,47,0,7
BRDA:89,48,0,5
BRDA:89,49,0,2
BRDA:89,50,0,0
BRDA:89,51,0,1
BRDA:89,52,0,0
BRDA:22,53,0,1
BRDA:23,54,0,5
BRDA:35,55,0,7
BRDA:89,56,0,7
BRDA:89,57,0,17
BRDA:89,58,0,7
BRDA:38,59,0,2
BRDA:41,60,0,5
BRDA:43,61,0,1
BRDA:46,62,0,4
BRDA:89,63,0,4
BRDA:54,64,0,1
BRDA:57,65,0,3
BRDA:59,66,0,2
BRDA:59,67,0,1
BRDA:64,68,0,2
BRDA:89,69,0,2
BRDA:89,70,0,2
BRDA:89,71,0,2
BRF:72
BRH:52
end_of_record
TN:
SF:src/modules/appointments/services/ListProviderAppointmentsService.ts
FN:60,__decorate
FN:60,__metadata
FN:60,__param
FN:60,__awaiter
FN:60,adopt
FN:60,fulfilled
FN:60,rejected
FN:60,step
FN:60,__generator
FN:60,sent
FN:60,g.<computed>
FN:60,verb
FN:60,step
FN:26,ListProviderAppointmentsService
FN:34,ListProviderAppointmentsService.execute
FNF:15
FNH:13
FNDA:1,__decorate
FNDA:1,__metadata
FNDA:2,__param
FNDA:1,__awaiter
FNDA:3,adopt
FNDA:3,fulfilled
FNDA:0,rejected
FNDA:4,step
FNDA:1,__generator
FNDA:3,sent
FNDA:0,g.<computed>
FNDA:3,verb
FNDA:4,step
FNDA:1,ListProviderAppointmentsService
FNDA:1,ListProviderAppointmentsService.execute
DA:1,1
DA:2,1
DA:3,1
DA:4,1
DA:5,1
DA:6,1
DA:7,1
DA:8,1
DA:9,1
DA:10,1
DA:11,1
DA:12,1
DA:13,1
DA:14,1
DA:15,1
DA:16,1
DA:17,1
DA:18,1
DA:19,1
DA:20,1
DA:21,1
DA:22,1
DA:23,1
DA:24,1
DA:25,1
DA:26,1
DA:27,1
DA:28,1
DA:29,1
DA:30,1
DA:31,1
DA:32,1
DA:33,1
DA:34,1
DA:35,1
DA:36,1
DA:37,1
DA:38,1
DA:39,1
DA:40,1
DA:41,1
DA:42,1
DA:43,1
DA:44,1
DA:45,1
DA:46,1
DA:47,1
DA:48,1
DA:49,1
DA:50,1
DA:51,1
DA:52,1
DA:53,1
DA:54,1
DA:55,1
DA:56,1
DA:57,1
DA:58,1
DA:59,1
DA:60,1
LF:60
LH:60
BRDA:60,0,0,1
BRDA:60,1,0,1
BRDA:60,2,0,0
BRDA:60,3,0,0
BRDA:60,4,0,0
BRDA:60,5,0,0
BRDA:60,6,0,1
BRDA:60,7,0,2
BRDA:60,8,0,2
BRDA:60,9,0,1
BRDA:60,10,0,3
BRDA:60,11,0,0
BRDA:60,12,0,1
BRDA:60,13,0,3
BRDA:60,14,0,0
BRDA:60,15,0,4
BRDA:60,16,0,1
BRDA:60,17,0,3
BRDA:60,18,0,1
BRDA:60,19,0,3
BRDA:60,20,0,0
BRDA:60,21,0,3
BRDA:60,22,0,4
BRDA:60,23,0,4
BRDA:60,24,0,0
BRDA:60,25,0,8
BRDA:60,26,0,0
BRDA:60,27,0,0
BRDA:60,28,0,0
BRDA:60,29,0,0
BRDA:60,30,0,4
BRDA:60,31,0,4
BRDA:60,32,0,3
BRDA:60,33,0,0
BRDA:60,34,0,0
BRDA:60,35,0,1
BRDA:60,36,0,0
BRDA:60,37,0,0
BRDA:60,38,0,0
BRDA:60,39,0,0
BRDA:60,40,0,0
BRDA:60,41,0,4
BRDA:60,42,0,0
BRDA:60,43,0,4
BRDA:60,44,0,1
BRDA:60,45,0,0
BRDA:60,46,0,1
BRDA:60,47,0,0
BRDA:25,48,0,1
BRDA:26,49,0,1
BRDA:34,50,0,1
BRDA:60,51,0,1
BRDA:60,52,0,4
BRDA:60,53,0,1
BRDA:60,54,0,1
BRDA:44,55,0,0
BRDA:60,56,0,1
BRDA:60,57,0,1
BRDA:56,58,0,1
BRF:59
BRH:36
end_of_record
TN:
SF:src/modules/appointments/services/ListProviderDayAvailabilityService.ts
FN:88,__decorate
FN:88,__metadata
FN:88,__param
FN:88,__awaiter
FN:88,adopt
FN:88,fulfilled
FN:88,rejected
FN:88,step
FN:88,__generator
FN:88,sent
FN:88,g.<computed>
FN:88,verb
FN:88,step
FN:29,ListProviderDayAvailabilityService
FN:34,ListProviderDayAvailabilityService.execute
FNF:15
FNH:13
FNDA:1,__decorate
FNDA:1,__metadata
FNDA:1,__param
FNDA:1,__awaiter
FNDA:1,adopt
FNDA:1,fulfilled
FNDA:0,rejected
FNDA:2,step
FNDA:1,__generator
FNDA:1,sent
FNDA:0,g.<computed>
FNDA:3,verb
FNDA:2,step
FNDA:1,ListProviderDayAvailabilityService
FNDA:1,ListProviderDayAvailabilityService.execute
DA:1,1
DA:2,1
DA:3,1
DA:4,1
DA:5,1
DA:6,1
DA:7,1
DA:8,1
DA:9,1
DA:10,1
DA:11,1
DA:12,1
DA:13,1
DA:14,1
DA:15,1
DA:16,1
DA:17,1
DA:18,1
DA:19,1
DA:20,1
DA:21,1
DA:22,1
DA:23,1
DA:24,1
DA:25,1
DA:26,1
DA:27,1
DA:28,1
DA:29,1
DA:30,1
DA:31,1
DA:32,1
DA:33,1
DA:34,1
DA:35,1
DA:36,1
DA:37,1
DA:38,1
DA:39,1
DA:40,1
DA:41,1
DA:42,1
DA:43,1
DA:44,1
DA:45,1
DA:46,1
DA:47,1
DA:48,1
DA:49,1
DA:50,1
DA:51,1
DA:52,1
DA:53,10
DA:54,10
DA:55,10
DA:56,10
DA:57,10
DA:58,10
DA:59,2
DA:60,2
DA:61,2
DA:62,2
DA:63,2
DA:64,2
DA:65,2
DA:66,2
DA:67,2
DA:68,2
DA:69,2
DA:70,2
DA:71,10
DA:72,10
DA:73,10
DA:74,10
DA:75,10
DA:76,10
DA:77,10
DA:78,10
DA:79,10
DA:80,1
DA:81,1
DA:82,1
DA:83,1
DA:84,1
DA:85,1
DA:86,1
DA:87,1
DA:88,1
LF:88
LH:88
BRDA:88,0,0,1
BRDA:88,1,0,1
BRDA:88,2,0,0
BRDA:88,3,0,0
BRDA:88,4,0,0
BRDA:88,5,0,0
BRDA:88,6,0,1
BRDA:88,7,0,1
BRDA:88,8,0,1
BRDA:88,9,0,1
BRDA:88,10,0,1
BRDA:88,11,0,0
BRDA:88,12,0,1
BRDA:88,13,0,1
BRDA:88,14,0,0
BRDA:88,15,0,2
BRDA:88,16,0,1
BRDA:88,17,0,1
BRDA:88,18,0,1
BRDA:88,19,0,1
BRDA:88,20,0,0
BRDA:88,21,0,3
BRDA:88,22,0,2
BRDA:88,23,0,2
BRDA:88,24,0,0
BRDA:88,25,0,4
BRDA:88,26,0,0
BRDA:88,27,0,0
BRDA:88,28,0,0
BRDA:88,29,0,0
BRDA:88,30,0,2
BRDA:88,31,0,2
BRDA:88,32,0,1
BRDA:88,33,0,0
BRDA:88,34,0,0
BRDA:88,35,0,1
BRDA:88,36,0,0
BRDA:88,37,0,0
BRDA:88,38,0,0
BRDA:88,39,0,0
BRDA:88,40,0,0
BRDA:88,41,0,2
BRDA:88,42,0,0
BRDA:88,43,0,2
BRDA:88,44,0,1
BRDA:88,45,0,0
BRDA:88,46,0,1
BRDA:88,47,0,0
BRDA:28,48,0,1
BRDA:29,49,0,1
BRDA:34,50,0,1
BRDA:88,51,0,1
BRDA:88,52,0,2
BRDA:36,53,0,1
BRDA:88,54,0,1
BRDA:47,55,0,10
BRDA:52,56,0,10
BRDA:58,57,0,2
BRDA:78,58,0,8
BRDA:54,59,0,19
BRF:60
BRH:38
end_of_record
TN:
SF:src/modules/appointments/services/ListProviderMonthAvailabilityService.ts
FN:70,__decorate
FN:70,__metadata
FN:70,__param
FN:70,__awaiter
FN:70,adopt
FN:70,fulfilled
FN:70,rejected
FN:70,step
FN:70,__generator
FN:70,sent
FN:70,g.<computed>
FN:70,verb
FN:70,step
FN:28,ListProviderMonthAvailabilityService
FN:33,ListProviderMonthAvailabilityService.execute
FNF:15
FNH:13
FNDA:1,__decorate
FNDA:1,__metadata
FNDA:1,__param
FNDA:1,__awaiter
FNDA:1,adopt
FNDA:1,fulfilled
FNDA:0,rejected
FNDA:2,step
FNDA:1,__generator
FNDA:1,sent
FNDA:0,g.<computed>
FNDA:3,verb
FNDA:2,step
FNDA:1,ListProviderMonthAvailabilityService
FNDA:1,ListProviderMonthAvailabilityService.execute
DA:1,1
DA:2,1
DA:3,1
DA:4,1
DA:5,1
DA:6,1
DA:7,1
DA:8,1
DA:9,1
DA:10,1
DA:11,1
DA:12,1
DA:13,1
DA:14,1
DA:15,1
DA:16,1
DA:17,1
DA:18,1
DA:19,1
DA:20,1
DA:21,1
DA:22,1
DA:23,1
DA:24,1
DA:25,1
DA:26,1
DA:27,1
DA:28,1
DA:29,1
DA:30,1
DA:31,1
DA:32,1
DA:33,1
DA:34,1
DA:35,1
DA:36,1
DA:37,1
DA:38,1
DA:39,1
DA:40,1
DA:41,1
DA:42,1
DA:43,1
DA:44,1
DA:45,1
DA:46,1
DA:47,1
DA:48,1
DA:49,1
DA:50,1
DA:51,1
DA:52,1
DA:53,31
DA:54,31
DA:55,31
DA:56,93
DA:57,31
DA:58,31
DA:59,31
DA:60,31
DA:61,31
DA:62,31
DA:63,31
DA:64,1
DA:65,1
DA:66,1
DA:67,1
DA:68,1
DA:69,1
DA:70,1
LF:70
LH:70
BRDA:70,0,0,1
BRDA:70,1,0,1
BRDA:70,2,0,0
BRDA:70,3,0,0
BRDA:70,4,0,0
BRDA:70,5,0,0
BRDA:70,6,0,1
BRDA:70,7,0,1
BRDA:70,8,0,1
BRDA:70,9,0,1
BRDA:70,10,0,1
BRDA:70,11,0,0
BRDA:70,12,0,1
BRDA:70,13,0,1
BRDA:70,14,0,0
BRDA:70,15,0,2
BRDA:70,16,0,1
BRDA:70,17,0,1
BRDA:70,18,0,1
BRDA:70,19,0,1
BRDA:70,20,0,0
BRDA:70,21,0,3
BRDA:70,22,0,2
BRDA:70,23,0,2
BRDA:70,24,0,0
BRDA:70,25,0,4
BRDA:70,26,0,0
BRDA:70,27,0,0
BRDA:70,28,0,0
BRDA:70,29,0,0
BRDA:70,30,0,2
BRDA:70,31,0,2
BRDA:70,32,0,1
BRDA:70,33,0,0
BRDA:70,34,0,0
BRDA:70,35,0,1
BRDA:70,36,0,0
BRDA:70,37,0,0
BRDA:70,38,0,0
BRDA:70,39,0,0
BRDA:70,40,0,0
BRDA:70,41,0,2
BRDA:70,42,0,0
BRDA:70,43,0,2
BRDA:70,44,0,1
BRDA:70,45,0,0
BRDA:70,46,0,1
BRDA:70,47,0,0
BRDA:27,48,0,1
BRDA:28,49,0,1
BRDA:33,50,0,1
BRDA:70,51,0,1
BRDA:70,52,0,2
BRDA:35,53,0,1
BRDA:70,54,0,1
BRDA:48,55,0,31
BRDA:52,56,0,31
BRDA:55,57,0,93
BRF:58
BRH:36
end_of_record
TN:
SF:src/modules/appointments/services/ListProvidersService.ts
FN:43,__decorate
FN:43,__metadata
FN:43,__param
FN:43,__awaiter
FN:43,adopt
FN:43,fulfilled
FN:43,rejected
FN:43,step
FN:43,__generator
FN:43,sent
FN:43,g.<computed>
FN:43,verb
FN:43,step
FN:18,ListProvidersService
FN:26,ListProvidersService.execute
FNF:15
FNH:13
FNDA:1,__decorate
FNDA:1,__metadata
FNDA:2,__param
FNDA:1,__awaiter
FNDA:3,adopt
FNDA:3,fulfilled
FNDA:0,rejected
FNDA:4,step
FNDA:1,__generator
FNDA:3,sent
FNDA:0,g.<computed>
FNDA:3,verb
FNDA:4,step
FNDA:1,ListProvidersService
FNDA:1,ListProvidersService.execute
DA:1,1
DA:2,1
DA:3,1
DA:4,1
DA:5,1
DA:6,1
DA:7,1
DA:8,1
DA:9,1
DA:10,1
DA:11,1
DA:12,1
DA:13,1
DA:14,1
DA:15,1
DA:16,1
DA:17,1
DA:18,1
DA:19,1
DA:20,1
DA:21,1
DA:22,1
DA:23,1
DA:24,1
DA:25,1
DA:26,1
DA:27,1
DA:28,1
DA:29,1
DA:30,1
DA:31,1
DA:32,1
DA:33,1
DA:34,1
DA:35,1
DA:36,1
DA:37,1
DA:38,1
DA:39,1
DA:40,1
DA:41,1
DA:42,1
DA:43,1
LF:43
LH:43
BRDA:43,0,0,1
BRDA:43,1,0,1
BRDA:43,2,0,0
BRDA:43,3,0,0
BRDA:43,4,0,0
BRDA:43,5,0,0
BRDA:43,6,0,1
BRDA:43,7,0,2
BRDA:43,8,0,2
BRDA:43,9,0,1
BRDA:43,10,0,3
BRDA:43,11,0,0
BRDA:43,12,0,1
BRDA:43,13,0,3
BRDA:43,14,0,0
BRDA:43,15,0,4
BRDA:43,16,0,1
BRDA:43,17,0,3
BRDA:43,18,0,1
BRDA:43,19,0,3
BRDA:43,20,0,0
BRDA:43,21,0,3
BRDA:43,22,0,4
BRDA:43,23,0,4
BRDA:43,24,0,0
BRDA:43,25,0,8
BRDA:43,26,0,0
BRDA:43,27,0,0
BRDA:43,28,0,0
BRDA:43,29,0,0
BRDA:43,30,0,4
BRDA:43,31,0,4
BRDA:43,32,0,3
BRDA:43,33,0,0
BRDA:43,34,0,0
BRDA:43,35,0,1
BRDA:43,36,0,0
BRDA:43,37,0,0
BRDA:43,38,0,0
BRDA:43,39,0,0
BRDA:43,40,0,0
BRDA:43,41,0,4
BRDA:43,42,0,0
BRDA:43,43,0,4
BRDA:43,44,0,1
BRDA:43,45,0,0
BRDA:43,46,0,1
BRDA:43,47,0,0
BRDA:17,48,0,1
BRDA:18,49,0,1
BRDA:26,50,0,1
BRDA:43,51,0,1
BRDA:43,52,0,4
BRDA:28,53,0,1
BRDA:43,54,0,1
BRDA:30,55,0,0
BRDA:43,56,0,1
BRDA:43,57,0,1
BRDA:39,58,0,1
BRF:59
BRH:36
end_of_record
TN:
SF:src/modules/users/services/AuthenticateUserService.ts
FN:80,__decorate
FN:80,__metadata
FN:80,__param
FN:80,__awaiter
FN:80,adopt
FN:80,fulfilled
FN:80,rejected
FN:80,step
FN:80,__generator
FN:80,sent
FN:80,g.<computed>
FN:80,verb
FN:80,step
FN:80,__importDefault
FN:34,AuthenticateUserService
FN:42,AuthenticateUserService.execute
FNF:16
FNH:14
FNDA:1,__decorate
FNDA:1,__metadata
FNDA:2,__param
FNDA:3,__awaiter
FNDA:5,adopt
FNDA:5,fulfilled
FNDA:0,rejected
FNDA:6,step
FNDA:3,__generator
FNDA:5,sent
FNDA:0,g.<computed>
FNDA:9,verb
FNDA:8,step
FNDA:2,__importDefault
FNDA:3,AuthenticateUserService
FNDA:3,AuthenticateUserService.execute
DA:1,1
DA:2,1
DA:3,1
DA:4,1
DA:5,1
DA:6,1
DA:7,1
DA:8,1
DA:9,1
DA:10,1
DA:11,1
DA:12,1
DA:13,1
DA:14,1
DA:15,1
DA:16,1
DA:17,1
DA:18,1
DA:19,1
DA:20,1
DA:21,1
DA:22,1
DA:23,1
DA:24,1
DA:25,1
DA:26,1
DA:27,1
DA:28,1
DA:29,1
DA:30,1
DA:31,1
DA:32,1
DA:33,1
DA:34,1
DA:35,3
DA:36,3
DA:37,3
DA:38,3
DA:39,3
DA:40,3
DA:41,1
DA:42,1
DA:43,3
DA:44,3
DA:45,3
DA:46,3
DA:47,3
DA:48,3
DA:49,1
DA:50,1
DA:51,2
DA:52,2
DA:53,2
DA:54,3
DA:55,3
DA:56,1
DA:57,1
DA:58,1
DA:59,1
DA:60,1
DA:61,1
DA:62,1
DA:63,1
DA:64,1
DA:65,1
DA:66,1
DA:67,1
DA:68,1
DA:69,1
DA:70,1
DA:71,1
DA:72,1
DA:73,1
DA:74,1
DA:75,1
DA:76,1
DA:77,3
DA:78,1
DA:79,1
DA:80,1
LF:80
LH:80
BRDA:80,0,0,1
BRDA:80,1,0,1
BRDA:80,2,0,0
BRDA:80,3,0,0
BRDA:80,4,0,0
BRDA:80,5,0,0
BRDA:80,6,0,1
BRDA:80,7,0,2
BRDA:80,8,0,2
BRDA:80,9,0,3
BRDA:80,10,0,5
BRDA:80,11,0,0
BRDA:80,12,0,3
BRDA:80,13,0,5
BRDA:80,14,0,3
BRDA:80,15,0,2
BRDA:80,16,0,6
BRDA:80,17,0,1
BRDA:80,18,0,5
BRDA:80,19,0,3
BRDA:80,20,0,5
BRDA:80,21,0,0
BRDA:80,22,0,9
BRDA:80,23,0,8
BRDA:80,24,0,8
BRDA:80,25,0,0
BRDA:80,26,0,16
BRDA:80,27,0,0
BRDA:80,28,0,0
BRDA:80,29,0,0
BRDA:80,30,0,0
BRDA:80,31,0,8
BRDA:80,32,0,8
BRDA:80,33,0,5
BRDA:80,34,0,0
BRDA:80,35,0,0
BRDA:80,36,0,3
BRDA:80,37,0,0
BRDA:80,38,0,1
BRDA:80,39,0,0
BRDA:80,40,0,0
BRDA:80,41,0,0
BRDA:80,42,0,0
BRDA:80,43,0,8
BRDA:80,44,0,6
BRDA:80,45,0,2
BRDA:80,46,0,8
BRDA:80,47,0,3
BRDA:80,48,0,2
BRDA:80,49,0,1
BRDA:80,50,0,0
BRDA:80,51,0,2
BRDA:80,52,0,0
BRDA:33,53,0,1
BRDA:34,54,0,3
BRDA:42,55,0,3
BRDA:80,56,0,3
BRDA:80,57,0,8
BRDA:44,58,0,3
BRDA:80,59,0,3
BRDA:48,60,0,1
BRDA:50,61,0,2
BRDA:80,62,0,2
BRDA:55,63,0,1
BRF:64
BRH:44
end_of_record
TN:
SF:src/modules/users/services/CreateUserService.ts
FN:63,__decorate
FN:63,__metadata
FN:63,__param
FN:63,__awaiter
FN:63,adopt
FN:63,fulfilled
FN:63,rejected
FN:63,step
FN:63,__generator
FN:63,sent
FN:63,g.<computed>
FN:63,verb
FN:63,step
FN:63,__importDefault
FN:25,CreateUserService
FN:37,CreateUserService.execute
FNF:16
FNH:14
FNDA:1,__decorate
FNDA:1,__metadata
FNDA:3,__param
FNDA:3,__awaiter
FNDA:9,adopt
FNDA:9,fulfilled
FNDA:0,rejected
FNDA:11,step
FNDA:3,__generator
FNDA:9,sent
FNDA:0,g.<computed>
FNDA:9,verb
FNDA:12,step
FNDA:1,__importDefault
FNDA:2,CreateUserService
FNDA:3,CreateUserService.execute
DA:1,1
DA:2,1
DA:3,1
DA:4,1
DA:5,1
DA:6,1
DA:7,1
DA:8,1
DA:9,1
DA:10,1
DA:11,1
DA:12,1
DA:13,1
DA:14,1
DA:15,1
DA:16,1
DA:17,1
DA:18,1
DA:19,1
DA:20,1
DA:21,1
DA:22,1
DA:23,1
DA:24,1
DA:25,1
DA:26,2
DA:27,2
DA:28,2
DA:29,2
DA:30,2
DA:31,2
DA:32,2
DA:33,2
DA:34,2
DA:35,1
DA:36,1
DA:37,1
DA:38,3
DA:39,3
DA:40,3
DA:41,3
DA:42,3
DA:43,3
DA:44,1
DA:45,1
DA:46,2
DA:47,2
DA:48,2
DA:49,3
DA:50,3
DA:51,3
DA:52,3
DA:53,3
DA:54,3
DA:55,3
DA:56,3
DA:57,3
DA:58,3
DA:59,3
DA:60,3
DA:61,1
DA:62,1
DA:63,1
LF:63
LH:63
BRDA:63,0,0,1
BRDA:63,1,0,1
BRDA:63,2,0,0
BRDA:63,3,0,0
BRDA:63,4,0,0
BRDA:63,5,0,0
BRDA:63,6,0,1
BRDA:63,7,0,3
BRDA:63,8,0,3
BRDA:63,9,0,3
BRDA:63,10,0,9
BRDA:63,11,0,0
BRDA:63,12,0,3
BRDA:63,13,0,9
BRDA:63,14,0,8
BRDA:63,15,0,1
BRDA:63,16,0,11
BRDA:63,17,0,2
BRDA:63,18,0,9
BRDA:63,19,0,3
BRDA:63,20,0,9
BRDA:63,21,0,0
BRDA:63,22,0,9
BRDA:63,23,0,12
BRDA:63,24,0,12
BRDA:63,25,0,0
BRDA:63,26,0,24
BRDA:63,27,0,0
BRDA:63,28,0,0
BRDA:63,29,0,0
BRDA:63,30,0,0
BRDA:63,31,0,12
BRDA:63,32,0,12
BRDA:63,33,0,9
BRDA:63,34,0,0
BRDA:63,35,0,0
BRDA:63,36,0,3
BRDA:63,37,0,0
BRDA:63,38,0,2
BRDA:63,39,0,0
BRDA:63,40,0,0
BRDA:63,41,0,0
BRDA:63,42,0,0
BRDA:63,43,0,12
BRDA:63,44,0,11
BRDA:63,45,0,1
BRDA:63,46,0,12
BRDA:63,47,0,3
BRDA:63,48,0,1
BRDA:63,49,0,2
BRDA:63,50,0,0
BRDA:63,51,0,1
BRDA:63,52,0,0
BRDA:24,53,0,1
BRDA:25,54,0,2
BRDA:37,55,0,3
BRDA:63,56,0,3
BRDA:63,57,0,12
BRDA:41,58,0,3
BRDA:63,59,0,3
BRDA:43,60,0,1
BRDA:45,61,0,2
BRDA:63,62,0,2
BRDA:63,63,0,2
BRDA:63,64,0,2
BRF:65
BRH:45
end_of_record
TN:
SF:src/modules/users/services/ResetPasswordService.ts
FN:77,__decorate
FN:77,__metadata
FN:77,__param
FN:77,__awaiter
FN:77,adopt
FN:77,fulfilled
FN:77,rejected
FN:77,step
FN:77,__generator
FN:77,sent
FN:77,g.<computed>
FN:77,verb
FN:77,step
FN:77,__importDefault
FN:26,ResetPasswordService
FN:42,ResetPasswordService.execute
FNF:16
FNH:14
FNDA:1,__decorate
FNDA:1,__metadata
FNDA:3,__param
FNDA:4,__awaiter
FNDA:9,adopt
FNDA:9,fulfilled
FNDA:0,rejected
FNDA:10,step
FNDA:4,__generator
FNDA:9,sent
FNDA:0,g.<computed>
FNDA:12,verb
FNDA:13,step
FNDA:1,__importDefault
FNDA:4,ResetPasswordService
FNDA:4,ResetPasswordService.execute
DA:1,1
DA:2,1
DA:3,1
DA:4,1
DA:5,1
DA:6,1
DA:7,1
DA:8,1
DA:9,1
DA:10,1
DA:11,1
DA:12,1
DA:13,1
DA:14,1
DA:15,1
DA:16,1
DA:17,1
DA:18,1
DA:19,1
DA:20,1
DA:21,1
DA:22,1
DA:23,1
DA:24,1
DA:25,1
DA:26,1
DA:27,4
DA:28,4
DA:29,4
DA:30,4
DA:31,4
DA:32,4
DA:33,4
DA:34,4
DA:35,4
DA:36,1
DA:37,1
DA:38,1
DA:39,1
DA:40,1
DA:41,1
DA:42,1
DA:43,4
DA:44,4
DA:45,4
DA:46,1
DA:47,1
DA:48,3
DA:49,3
DA:50,4
DA:51,4
DA:52,1
DA:53,1
DA:54,2
DA:55,2
DA:56,2
DA:57,2
DA:58,2
DA:59,2
DA:60,2
DA:61,2
DA:62,2
DA:63,2
DA:64,2
DA:65,2
DA:66,2
DA:67,4
DA:68,1
DA:69,1
DA:70,1
DA:71,1
DA:72,4
DA:73,4
DA:74,4
DA:75,1
DA:76,1
DA:77,1
LF:77
LH:77
BRDA:77,0,0,1
BRDA:77,1,0,1
BRDA:77,2,0,0
BRDA:77,3,0,0
BRDA:77,4,0,0
BRDA:77,5,0,0
BRDA:77,6,0,1
BRDA:77,7,0,3
BRDA:77,8,0,3
BRDA:77,9,0,4
BRDA:77,10,0,9
BRDA:77,11,0,0
BRDA:77,12,0,4
BRDA:77,13,0,9
BRDA:77,14,0,6
BRDA:77,15,0,3
BRDA:77,16,0,10
BRDA:77,17,0,1
BRDA:77,18,0,9
BRDA:77,19,0,4
BRDA:77,20,0,9
BRDA:77,21,0,0
BRDA:77,22,0,12
BRDA:77,23,0,13
BRDA:77,24,0,13
BRDA:77,25,0,0
BRDA:77,26,0,26
BRDA:77,27,0,0
BRDA:77,28,0,0
BRDA:77,29,0,0
BRDA:77,30,0,0
BRDA:77,31,0,13
BRDA:77,32,0,13
BRDA:77,33,0,9
BRDA:77,34,0,0
BRDA:77,35,0,0
BRDA:77,36,0,4
BRDA:77,37,0,0
BRDA:77,38,0,1
BRDA:77,39,0,0
BRDA:77,40,0,0
BRDA:77,41,0,0
BRDA:77,42,0,0
BRDA:77,43,0,13
BRDA:77,44,0,10
BRDA:77,45,0,3
BRDA:77,46,0,13
BRDA:77,47,0,4
BRDA:77,48,0,3
BRDA:77,49,0,1
BRDA:77,50,0,0
BRDA:77,51,0,1
BRDA:77,52,0,0
BRDA:25,53,0,1
BRDA:26,54,0,4
BRDA:42,55,0,4
BRDA:77,56,0,4
BRDA:77,57,0,13
BRDA:43,58,0,4
BRDA:77,59,0,4
BRDA:45,60,0,1
BRDA:47,61,0,3
BRDA:77,62,0,3
BRDA:51,63,0,1
BRDA:53,64,0,2
BRDA:67,65,0,1
BRDA:77,66,0,1
BRDA:77,67,0,1
BRF:68
BRH:48
end_of_record
TN:
SF:src/modules/users/services/SendForgotPasswordEmailService.ts
FN:67,__decorate
FN:67,__metadata
FN:67,__param
FN:67,__awaiter
FN:67,adopt
FN:67,fulfilled
FN:67,rejected
FN:67,step
FN:67,__generator
FN:67,sent
FN:67,g.<computed>
FN:67,verb
FN:67,step
FN:67,__importDefault
FN:22,SendForgotPasswordEmailService
FN:33,SendForgotPasswordEmailService.execute
FNF:16
FNH:14
FNDA:1,__decorate
FNDA:1,__metadata
FNDA:3,__param
FNDA:3,__awaiter
FNDA:7,adopt
FNDA:7,fulfilled
FNDA:0,rejected
FNDA:9,step
FNDA:3,__generator
FNDA:7,sent
FNDA:0,g.<computed>
FNDA:9,verb
FNDA:10,step
FNDA:2,__importDefault
FNDA:3,SendForgotPasswordEmailService
FNDA:3,SendForgotPasswordEmailService.execute
DA:1,1
DA:2,1
DA:3,1
DA:4,1
DA:5,1
DA:6,1
DA:7,1
DA:8,1
DA:9,1
DA:10,1
DA:11,1
DA:12,1
DA:13,1
DA:14,1
DA:15,1
DA:16,1
DA:17,1
DA:18,1
DA:19,1
DA:20,1
DA:21,1
DA:22,1
DA:23,3
DA:24,3
DA:25,3
DA:26,3
DA:27,3
DA:28,3
DA:29,3
DA:30,3
DA:31,3
DA:32,1
DA:33,1
DA:34,3
DA:35,3
DA:36,3
DA:37,3
DA:38,1
DA:39,1
DA:40,2
DA:41,2
DA:42,3
DA:43,3
DA:44,3
DA:45,3
DA:46,3
DA:47,3
DA:48,3
DA:49,3
DA:50,3
DA:51,3
DA:52,3
DA:53,3
DA:54,3
DA:55,3
DA:56,3
DA:57,3
DA:58,3
DA:59,3
DA:60,3
DA:61,3
DA:62,3
DA:63,3
DA:64,3
DA:65,1
DA:66,1
DA:67,1
LF:67
LH:67
BRDA:67,0,0,1
BRDA:67,1,0,1
BRDA:67,2,0,0
BRDA:67,3,0,0
BRDA:67,4,0,0
BRDA:67,5,0,0
BRDA:67,6,0,1
BRDA:67,7,0,3
BRDA:67,8,0,3
BRDA:67,9,0,3
BRDA:67,10,0,7
BRDA:67,11,0,0
BRDA:67,12,0,3
BRDA:67,13,0,7
BRDA:67,14,0,6
BRDA:67,15,0,1
BRDA:67,16,0,9
BRDA:67,17,0,2
BRDA:67,18,0,7
BRDA:67,19,0,3
BRDA:67,20,0,7
BRDA:67,21,0,0
BRDA:67,22,0,9
BRDA:67,23,0,10
BRDA:67,24,0,10
BRDA:67,25,0,0
BRDA:67,26,0,20
BRDA:67,27,0,0
BRDA:67,28,0,0
BRDA:67,29,0,0
BRDA:67,30,0,0
BRDA:67,31,0,10
BRDA:67,32,0,10
BRDA:67,33,0,7
BRDA:67,34,0,0
BRDA:67,35,0,0
BRDA:67,36,0,3
BRDA:67,37,0,0
BRDA:67,38,0,2
BRDA:67,39,0,0
BRDA:67,40,0,0
BRDA:67,41,0,0
BRDA:67,42,0,0
BRDA:67,43,0,10
BRDA:67,44,0,9
BRDA:67,45,0,1
BRDA:67,46,0,10
BRDA:67,47,0,3
BRDA:67,48,0,1
BRDA:67,49,0,2
BRDA:67,50,0,0
BRDA:67,51,0,2
BRDA:67,52,0,1
BRDA:67,53,0,1
BRDA:21,54,0,1
BRDA:22,55,0,3
BRDA:33,56,0,3
BRDA:67,57,0,3
BRDA:67,58,0,10
BRDA:35,59,0,3
BRDA:67,60,0,3
BRDA:37,61,0,1
BRDA:39,62,0,2
BRDA:67,63,0,2
BRDA:67,64,0,2
BRF:65
BRH:46
end_of_record
TN:
SF:src/modules/users/services/ShowProfileService.ts
FN:33,__decorate
FN:33,__metadata
FN:33,__param
FN:33,__awaiter
FN:33,adopt
FN:33,fulfilled
FN:33,rejected
FN:33,step
FN:33,__generator
FN:33,sent
FN:33,g.<computed>
FN:33,verb
FN:33,step
FN:33,__importDefault
FN:17,ShowProfileService
FN:22,ShowProfileService.execute
FNF:16
FNH:14
FNDA:1,__decorate
FNDA:1,__metadata
FNDA:1,__param
FNDA:2,__awaiter
FNDA:2,adopt
FNDA:2,fulfilled
FNDA:0,rejected
FNDA:3,step
FNDA:2,__generator
FNDA:2,sent
FNDA:0,g.<computed>
FNDA:6,verb
FNDA:4,step
FNDA:1,__importDefault
FNDA:2,ShowProfileService
FNDA:2,ShowProfileService.execute
DA:1,1
DA:2,1
DA:3,1
DA:4,1
DA:5,1
DA:6,1
DA:7,1
DA:8,1
DA:9,1
DA:10,1
DA:11,1
DA:12,1
DA:13,1
DA:14,1
DA:15,1
DA:16,1
DA:17,1
DA:18,2
DA:19,2
DA:20,2
DA:21,1
DA:22,1
DA:23,2
DA:24,2
DA:25,2
DA:26,1
DA:27,1
DA:28,1
DA:29,1
DA:30,2
DA:31,1
DA:32,1
DA:33,1
LF:33
LH:33
BRDA:33,0,0,1
BRDA:33,1,0,1
BRDA:33,2,0,0
BRDA:33,3,0,0
BRDA:33,4,0,0
BRDA:33,5,0,0
BRDA:33,6,0,1
BRDA:33,7,0,1
BRDA:33,8,0,1
BRDA:33,9,0,2
BRDA:33,10,0,2
BRDA:33,11,0,0
BRDA:33,12,0,2
BRDA:33,13,0,2
BRDA:33,14,0,1
BRDA:33,15,0,3
BRDA:33,16,0,1
BRDA:33,17,0,2
BRDA:33,18,0,2
BRDA:33,19,0,2
BRDA:33,20,0,0
BRDA:33,21,0,6
BRDA:33,22,0,4
BRDA:33,23,0,4
BRDA:33,24,0,0
BRDA:33,25,0,8
BRDA:33,26,0,0
BRDA:33,27,0,0
BRDA:33,28,0,0
BRDA:33,29,0,0
BRDA:33,30,0,4
BRDA:33,31,0,4
BRDA:33,32,0,2
BRDA:33,33,0,0
BRDA:33,34,0,0
BRDA:33,35,0,2
BRDA:33,36,0,0
BRDA:33,37,0,1
BRDA:33,38,0,0
BRDA:33,39,0,0
BRDA:33,40,0,0
BRDA:33,41,0,0
BRDA:33,42,0,4
BRDA:33,43,0,3
BRDA:33,44,0,1
BRDA:33,45,0,4
BRDA:33,46,0,2
BRDA:33,47,0,1
BRDA:33,48,0,0
BRDA:33,49,0,1
BRDA:33,50,0,0
BRDA:16,51,0,1
BRDA:17,52,0,2
BRDA:22,53,0,2
BRDA:33,54,0,2
BRDA:33,55,0,4
BRDA:23,56,0,2
BRDA:33,57,0,2
BRDA:25,58,0,1
BRF:59
BRH:39
end_of_record
TN:
SF:src/modules/users/services/UpdateProfileService.ts
FN:77,__decorate
FN:77,__metadata
FN:77,__param
FN:77,__awaiter
FN:77,adopt
FN:77,fulfilled
FN:77,rejected
FN:77,step
FN:77,__generator
FN:77,sent
FN:77,g.<computed>
FN:77,verb
FN:77,step
FN:77,__importDefault
FN:24,UpdateProfileService
FN:32,UpdateProfileService.execute
FNF:16
FNH:14
FNDA:1,__decorate
FNDA:1,__metadata
FNDA:2,__param
FNDA:6,__awaiter
FNDA:14,adopt
FNDA:14,fulfilled
FNDA:0,rejected
FNDA:16,step
FNDA:6,__generator
FNDA:14,sent
FNDA:0,g.<computed>
FNDA:18,verb
FNDA:20,step
FNDA:1,__importDefault
FNDA:6,UpdateProfileService
FNDA:6,UpdateProfileService.execute
DA:1,1
DA:2,1
DA:3,1
DA:4,1
DA:5,1
DA:6,1
DA:7,1
DA:8,1
DA:9,1
DA:10,1
DA:11,1
DA:12,1
DA:13,1
DA:14,1
DA:15,1
DA:16,1
DA:17,1
DA:18,1
DA:19,1
DA:20,1
DA:21,1
DA:22,1
DA:23,1
DA:24,1
DA:25,6
DA:26,6
DA:27,6
DA:28,6
DA:29,6
DA:30,6
DA:31,1
DA:32,1
DA:33,6
DA:34,6
DA:35,6
DA:36,6
DA:37,6
DA:38,6
DA:39,6
DA:40,6
DA:41,6
DA:42,1
DA:43,1
DA:44,5
DA:45,5
DA:46,6
DA:47,6
DA:48,1
DA:49,1
DA:50,4
DA:51,4
DA:52,4
DA:53,4
DA:54,6
DA:55,1
DA:56,1
DA:57,3
DA:58,3
DA:59,6
DA:60,2
DA:61,2
DA:62,2
DA:63,2
DA:64,6
DA:65,6
DA:66,6
DA:67,1
DA:68,1
DA:69,1
DA:70,1
DA:71,6
DA:72,6
DA:73,6
DA:74,6
DA:75,1
DA:76,1
DA:77,1
LF:77
LH:77
BRDA:77,0,0,1
BRDA:77,1,0,1
BRDA:77,2,0,0
BRDA:77,3,0,0
BRDA:77,4,0,0
BRDA:77,5,0,0
BRDA:77,6,0,1
BRDA:77,7,0,2
BRDA:77,8,0,2
BRDA:77,9,0,6
BRDA:77,10,0,14
BRDA:77,11,0,0
BRDA:77,12,0,6
BRDA:77,13,0,14
BRDA:77,14,0,10
BRDA:77,15,0,4
BRDA:77,16,0,16
BRDA:77,17,0,2
BRDA:77,18,0,14
BRDA:77,19,0,6
BRDA:77,20,0,14
BRDA:77,21,0,0
BRDA:77,22,0,18
BRDA:77,23,0,20
BRDA:77,24,0,20
BRDA:77,25,0,0
BRDA:77,26,0,41
BRDA:77,27,0,0
BRDA:77,28,0,0
BRDA:77,29,0,0
BRDA:77,30,0,0
BRDA:77,31,0,20
BRDA:77,32,0,20
BRDA:77,33,0,14
BRDA:77,34,0,0
BRDA:77,35,0,0
BRDA:77,36,0,7
BRDA:77,37,0,0
BRDA:77,38,0,3
BRDA:77,39,0,6
BRDA:77,40,0,1
BRDA:77,41,0,0
BRDA:77,42,0,1
BRDA:77,43,0,0
BRDA:77,44,0,0
BRDA:77,45,0,0
BRDA:77,46,0,21
BRDA:77,47,0,17
BRDA:77,48,0,4
BRDA:77,49,0,21
BRDA:77,50,0,6
BRDA:77,51,0,4
BRDA:77,52,0,2
BRDA:77,53,0,0
BRDA:77,54,0,1
BRDA:77,55,0,0
BRDA:23,56,0,1
BRDA:24,57,0,6
BRDA:32,58,0,6
BRDA:77,59,0,6
BRDA:77,60,0,21
BRDA:39,61,0,6
BRDA:77,62,0,6
BRDA:41,63,0,1
BRDA:43,64,0,5
BRDA:77,65,0,5
BRDA:47,66,0,1
BRDA:47,67,0,1
BRDA:49,68,0,4
BRDA:54,69,0,3
BRDA:54,70,0,1
BRDA:56,71,0,3
BRDA:59,72,0,2
BRDA:59,73,0,1
BRDA:59,74,0,2
BRDA:77,75,0,2
BRDA:66,76,0,1
BRDA:77,77,0,1
BRDA:73,78,0,2
BRF:79
BRH:59
end_of_record
TN:
SF:src/modules/users/services/UpdateUserAvatarService.ts
FN:62,__decorate
FN:62,__metadata
FN:62,__param
FN:62,__awaiter
FN:62,adopt
FN:62,fulfilled
FN:62,rejected
FN:62,step
FN:62,__generator
FN:62,sent
FN:62,g.<computed>
FN:62,verb
FN:62,step
FN:62,__importDefault
FN:30,UpdateUserAvatarService
FN:38,UpdateUserAvatarService.execute
FNF:16
FNH:14
FNDA:1,__decorate
FNDA:1,__metadata
FNDA:2,__param
FNDA:4,__awaiter
FNDA:11,adopt
FNDA:11,fulfilled
FNDA:0,rejected
FNDA:14,step
FNDA:4,__generator
FNDA:11,sent
FNDA:0,g.<computed>
FNDA:12,verb
FNDA:15,step
FNDA:1,__importDefault
FNDA:3,UpdateUserAvatarService
FNDA:4,UpdateUserAvatarService.execute
DA:1,1
DA:2,1
DA:3,1
DA:4,1
DA:5,1
DA:6,1
DA:7,1
DA:8,1
DA:9,1
DA:10,1
DA:11,1
DA:12,1
DA:13,1
DA:14,1
DA:15,1
DA:16,1
DA:17,1
DA:18,1
DA:19,1
DA:20,1
DA:21,1
DA:22,1
DA:23,1
DA:24,1
DA:25,1
DA:26,1
DA:27,1
DA:28,1
DA:29,1
DA:30,1
DA:31,3
DA:32,3
DA:33,3
DA:34,3
DA:35,3
DA:36,3
DA:37,1
DA:38,1
DA:39,4
DA:40,4
DA:41,4
DA:42,4
DA:43,4
DA:44,1
DA:45,1
DA:46,3
DA:47,3
DA:48,3
DA:49,1
DA:50,4
DA:51,4
DA:52,4
DA:53,4
DA:54,4
DA:55,4
DA:56,4
DA:57,4
DA:58,4
DA:59,4
DA:60,1
DA:61,1
DA:62,1
LF:62
LH:62
BRDA:62,0,0,1
BRDA:62,1,0,1
BRDA:62,2,0,0
BRDA:62,3,0,0
BRDA:62,4,0,0
BRDA:62,5,0,0
BRDA:62,6,0,1
BRDA:62,7,0,2
BRDA:62,8,0,2
BRDA:62,9,0,4
BRDA:62,10,0,11
BRDA:62,11,0,0
BRDA:62,12,0,4
BRDA:62,13,0,11
BRDA:62,14,0,10
BRDA:62,15,0,1
BRDA:62,16,0,14
BRDA:62,17,0,3
BRDA:62,18,0,11
BRDA:62,19,0,4
BRDA:62,20,0,11
BRDA:62,21,0,0
BRDA:62,22,0,12
BRDA:62,23,0,15
BRDA:62,24,0,15
BRDA:62,25,0,0
BRDA:62,26,0,32
BRDA:62,27,0,0
BRDA:62,28,0,0
BRDA:62,29,0,0
BRDA:62,30,0,0
BRDA:62,31,0,15
BRDA:62,32,0,15
BRDA:62,33,0,11
BRDA:62,34,0,0
BRDA:62,35,0,0
BRDA:62,36,0,6
BRDA:62,37,0,0
BRDA:62,38,0,5
BRDA:62,39,0,4
BRDA:62,40,0,2
BRDA:62,41,0,0
BRDA:62,42,0,2
BRDA:62,43,0,0
BRDA:62,44,0,0
BRDA:62,45,0,0
BRDA:62,46,0,17
BRDA:62,47,0,16
BRDA:62,48,0,1
BRDA:62,49,0,17
BRDA:62,50,0,4
BRDA:62,51,0,1
BRDA:62,52,0,3
BRDA:62,53,0,0
BRDA:62,54,0,1
BRDA:62,55,0,0
BRDA:29,56,0,1
BRDA:30,57,0,3
BRDA:38,58,0,4
BRDA:62,59,0,4
BRDA:62,60,0,17
BRDA:41,61,0,4
BRDA:62,62,0,4
BRDA:43,63,0,1
BRDA:45,64,0,3
BRDA:48,65,0,2
BRDA:48,66,0,1
BRDA:62,67,0,1
BRDA:52,68,0,3
BRDA:62,69,0,3
BRDA:62,70,0,3
BRF:71
BRH:51
end_of_record
